<?xml version="1.0" encoding="UTF-8"?>
<!-- Generated by org.testng.reporters.JUnitReportReporter -->
<testsuite hostname="Anil-PC" failures="0" tests="1" name="CucumberTest.TestRunner" time="42.604" errors="0" timestamp="11 Jan 2021 12:16:09 GMT">
  <testcase classname="CucumberTest.TestRunner" name="feature" time="42.604"/>
</testsuite> <!-- CucumberTest.TestRunner -->
